2019-11-29 16:14:49.687  INFO 48792 --- [main] c.h.handicapper.proto1.Application       : Starting Application on Arjan-PC with PID 48792 (D:\Udacity_AdvancedAndroid\handicapper.proto1\handicapper.proto1\handicapper.proto1\bin\main started by Arjan in D:\Udacity_AdvancedAndroid\handicapper.proto1\handicapper.proto1\handicapper.proto1)
2019-11-29 16:14:49.747  INFO 48792 --- [main] c.h.handicapper.proto1.Application       : No active profile set, falling back to default profiles: default
2019-11-29 16:14:50.667  INFO 48792 --- [main] .s.d.r.c.RepositoryConfigurationDelegate : Bootstrapping Spring Data repositories in DEFAULT mode.
2019-11-29 16:14:50.768  INFO 48792 --- [main] .s.d.r.c.RepositoryConfigurationDelegate : Finished Spring Data repository scanning in 91ms. Found 6 repository interfaces.
2019-11-29 16:14:51.158  INFO 48792 --- [main] trationDelegate$BeanPostProcessorChecker : Bean 'org.springframework.transaction.annotation.ProxyTransactionManagementConfiguration' of type [org.springframework.transaction.annotation.ProxyTransactionManagementConfiguration$$EnhancerBySpringCGLIB$$8a6a3830] is not eligible for getting processed by all BeanPostProcessors (for example: not eligible for auto-proxying)
2019-11-29 16:14:51.178  INFO 48792 --- [main] trationDelegate$BeanPostProcessorChecker : Bean 'org.springframework.hateoas.config.HateoasConfiguration' of type [org.springframework.hateoas.config.HateoasConfiguration$$EnhancerBySpringCGLIB$$9ea8562] is not eligible for getting processed by all BeanPostProcessors (for example: not eligible for auto-proxying)
2019-11-29 16:14:51.598  INFO 48792 --- [main] o.s.b.w.embedded.tomcat.TomcatWebServer  : Tomcat initialized with port(s): 8080 (http)
2019-11-29 16:14:51.628  INFO 48792 --- [main] o.apache.catalina.core.StandardService   : Starting service [Tomcat]
2019-11-29 16:14:51.628  INFO 48792 --- [main] org.apache.catalina.core.StandardEngine  : Starting Servlet engine: [Apache Tomcat/9.0.16]
2019-11-29 16:14:51.638  INFO 48792 --- [main] o.a.catalina.core.AprLifecycleListener   : The APR based Apache Tomcat Native library which allows optimal performance in production environments was not found on the java.library.path: [C:\Program Files\Java\jre1.8.0_231\bin;C:\Windows\Sun\Java\bin;C:\Windows\system32;C:\Windows;C:/Program Files/Java/jre1.8.0_221/bin/server;C:/Program Files/Java/jre1.8.0_221/bin;C:/Program Files/Java/jre1.8.0_221/lib/amd64;C:\Program Files (x86)\Common Files\Oracle\Java\javapath;C:\MinGW\bin;C:\MinGW\libexec\gcc\x86_64-pc-mingw32\6.3.0;C:\Program Files\MinGW\bin;C:\Program Files\MinGW\libexec\gcc\x86_64-pc-mingw32\6.3.0;C:\Program Files\gcc\gcc\bin;C:\Program Files\gcc\gcc\libexec\gcc\x86_64-pc-mingw32\6.3.0;D:\Coursera\CPP\bin;D:\Coursera\CPP\libexec\gcc\x86_64-pc-mingw32\6.3.0;C:\Windows\system32;C:\Windows;C:\Windows\System32\Wbem;C:\Windows\System32\WindowsPowerShell\v1.0\;C:\Program Files\Lenovo\Fingerprint Manager Pro\;C:\Program Files (x86)\Common Files\Lenovo;C:\ProgramData\Lenovo\ReadyApps;C:\Program Files (x86)\Lenovo\Access Connections\;C:\Program Files\Intel\WiFi\bin\;C:\Program Files\Common Files\Intel\WirelessCommon;C:\Program Files (x86)\Lenovo\Password Manager\;C:\Program Files (x86)\Pandoc\;C:\Program Files\MySQL\MySQL Shell 1.0\bin;C:\Program Files\Microsoft SQL Server\130\Tools\Binn\;D:\Program Files\Git\cmd;C:\ProgramData\chocolatey\bin;D:\Program Files\KotlinCompiler\kotlin-compiler-1.2.60-windows-x64;C:\Program Files\dotnet\;C:\Program Files\nodejs\;C:\Program Files (x86)\Intel\UCRT\;C:\Program Files\Intel\UCRT\;C:\Program Files (x86)\Intel\Intel(R) Management Engine Components\DAL;C:\Program Files\Intel\Intel(R) Management Engine Components\DAL;C:\Program Files\Intel\WiFi\bin\;C:\Program Files\Common Files\Intel\WirelessCommon\;C:\python3.6.7;C:\Program Files\Java\jdk1.8.0_112\bin;D:\AndroidSDK\platform-tools;C:\Program Files\gcc\gcc\bin;C:\Program Files\gcc\gcc\libexec\gcc\x86_64-pc-mingw32\6.3.0;D:\Coursera\CPP\bin;D:\Coursera\CPP\libexec\gcc\x86_64-pc-mingw32\6.3.0;C:\Program Files (x86)\Intel\iCLS Client\;C:\Program Files\Intel\iCLS Client\;C:\Windows\system32;C:\Windows;C:\Windows\System32\Wbem;C:\Windows\System32\WindowsPowerShell\v1.0\;C:\Program Files\Lenovo\Fingerprint Manager Pro\;C:\Program Files (x86)\Common Files\Lenovo;C:\ProgramData\Lenovo\ReadyApps;C:\Program Files (x86)\Lenovo\Access Connections\;C:\Program Files (x86)\Intel\Intel(R) Management Engine Components\DAL;C:\Program Files\Intel\Intel(R) Management Engine Components\DAL;C:\Program Files (x86)\Intel\Intel(R) Management Engine Components\IPT;C:\Program Files\Intel\Intel(R) Management Engine Components\IPT;C:\Users\Arjan\AppData\Local\GitHubDesktop\bin;D:\Program Files\KotlinCompiler\kotlin-compiler-1.2.60-windows-x64\;C:\Users\Arjan\AppData\Local\Programs\Microsoft VS Code\bin;C:\Users\Arjan\AppData\Roaming\npm;C:\Program Files\Intel\WiFi\bin\;C:\Program Files\Common Files\Intel\WirelessCommon\;C:\Users\Arjan\AppData\Local\Google\Cloud SDK\google-cloud-sdk\bin;C:\Windows\system32;;.]
2019-11-29 16:14:51.758  INFO 48792 --- [main] o.a.c.c.C.[Tomcat].[localhost].[/]       : Initializing Spring embedded WebApplicationContext
2019-11-29 16:14:51.758  INFO 48792 --- [main] o.s.web.context.ContextLoader            : Root WebApplicationContext: initialization completed in 1951 ms
2019-11-29 16:14:52.139  INFO 48792 --- [main] o.hibernate.jpa.internal.util.LogHelper  : HHH000204: Processing PersistenceUnitInfo [
	name: default
	...]
2019-11-29 16:14:52.330  INFO 48792 --- [main] org.hibernate.Version                    : HHH000412: Hibernate Core {5.3.7.Final}
2019-11-29 16:14:52.331  INFO 48792 --- [main] org.hibernate.cfg.Environment            : HHH000206: hibernate.properties not found
2019-11-29 16:14:52.561  INFO 48792 --- [main] o.hibernate.annotations.common.Version   : HCANN000001: Hibernate Commons Annotations {5.0.4.Final}
2019-11-29 16:14:52.721  INFO 48792 --- [main] com.zaxxer.hikari.HikariDataSource       : HikariPool-1 - Starting...
2019-11-29 16:14:53.561  INFO 48792 --- [main] com.zaxxer.hikari.HikariDataSource       : HikariPool-1 - Start completed.
2019-11-29 16:14:53.571  INFO 48792 --- [main] org.hibernate.dialect.Dialect            : HHH000400: Using dialect: org.hibernate.dialect.MySQL5InnoDBDialect
2019-11-29 16:14:55.082  INFO 48792 --- [main] j.LocalContainerEntityManagerFactoryBean : Initialized JPA EntityManagerFactory for persistence unit 'default'
2019-11-29 16:14:56.353  INFO 48792 --- [main] o.s.s.concurrent.ThreadPoolTaskExecutor  : Initializing ExecutorService 'applicationTaskExecutor'
2019-11-29 16:14:56.444  WARN 48792 --- [main] aWebConfiguration$JpaWebMvcConfiguration : spring.jpa.open-in-view is enabled by default. Therefore, database queries may be performed during view rendering. Explicitly configure spring.jpa.open-in-view to disable this warning
2019-11-29 16:14:57.006  INFO 48792 --- [main] o.s.b.w.embedded.tomcat.TomcatWebServer  : Tomcat started on port(s): 8080 (http) with context path ''
2019-11-29 16:14:57.006  INFO 48792 --- [main] c.h.handicapper.proto1.Application       : Started Application in 7.81 seconds (JVM running for 9.191)
2019-11-29 16:18:17.938  INFO 48792 --- [http-nio-8080-exec-1] o.a.c.c.C.[Tomcat].[localhost].[/]       : Initializing Spring DispatcherServlet 'dispatcherServlet'
2019-11-29 16:18:17.938  INFO 48792 --- [http-nio-8080-exec-1] o.s.web.servlet.DispatcherServlet        : Initializing Servlet 'dispatcherServlet'
2019-11-29 16:18:17.959  INFO 48792 --- [http-nio-8080-exec-1] o.s.web.servlet.DispatcherServlet        : Completed initialization in 21 ms
2019-11-29 16:18:18.039  INFO 48792 --- [http-nio-8080-exec-1] o.h.h.i.QueryTranslatorFactoryInitiator  : HHH000397: Using ASTQueryTranslatorFactory
2019-11-29 16:24:26.450  INFO 48792 --- [RMI TCP Connection(16)-127.0.0.1] inMXBeanRegistrar$SpringApplicationAdmin : Application shutdown requested.
2019-11-29 16:24:26.460  INFO 48792 --- [RMI TCP Connection(16)-127.0.0.1] o.s.s.concurrent.ThreadPoolTaskExecutor  : Shutting down ExecutorService 'applicationTaskExecutor'
2019-11-29 16:24:26.460  INFO 48792 --- [RMI TCP Connection(16)-127.0.0.1] j.LocalContainerEntityManagerFactoryBean : Closing JPA EntityManagerFactory for persistence unit 'default'
2019-11-29 16:24:26.460  INFO 48792 --- [RMI TCP Connection(16)-127.0.0.1] com.zaxxer.hikari.HikariDataSource       : HikariPool-1 - Shutdown initiated...
2019-11-29 16:24:26.481  INFO 48792 --- [RMI TCP Connection(16)-127.0.0.1] com.zaxxer.hikari.HikariDataSource       : HikariPool-1 - Shutdown completed.
